{"C:\\Users\\steve\\Documents\\Apps\\technical-assignment-fe\\src\\js\\game.js": {"path":"C:\\Users\\steve\\Documents\\Apps\\technical-assignment-fe\\src\\js\\game.js","statementMap":{"0":{"start":{"line":1,"column":17},"end":{"line":27,"column":1}},"1":{"start":{"line":29,"column":20},"end":{"line":39,"column":1}},"2":{"start":{"line":30,"column":4},"end":{"line":30,"column":34}},"3":{"start":{"line":31,"column":4},"end":{"line":31,"column":34}},"4":{"start":{"line":33,"column":4},"end":{"line":33,"column":36}},"5":{"start":{"line":34,"column":4},"end":{"line":34,"column":36}},"6":{"start":{"line":36,"column":4},"end":{"line":36,"column":23}},"7":{"start":{"line":37,"column":4},"end":{"line":37,"column":16}},"8":{"start":{"line":41,"column":20},"end":{"line":44,"column":1}},"9":{"start":{"line":42,"column":4},"end":{"line":42,"column":64}},"10":{"start":{"line":43,"column":4},"end":{"line":43,"column":18}},"11":{"start":{"line":46,"column":20},"end":{"line":49,"column":1}},"12":{"start":{"line":47,"column":4},"end":{"line":47,"column":64}},"13":{"start":{"line":48,"column":4},"end":{"line":48,"column":18}},"14":{"start":{"line":50,"column":17},"end":{"line":52,"column":1}},"15":{"start":{"line":51,"column":4},"end":{"line":51,"column":46}},"16":{"start":{"line":53,"column":18},"end":{"line":68,"column":1}},"17":{"start":{"line":54,"column":27},"end":{"line":54,"column":49}},"18":{"start":{"line":55,"column":27},"end":{"line":55,"column":44}},"19":{"start":{"line":57,"column":4},"end":{"line":57,"column":47}},"20":{"start":{"line":59,"column":19},"end":{"line":59,"column":60}},"21":{"start":{"line":61,"column":4},"end":{"line":65,"column":5}},"22":{"start":{"line":62,"column":8},"end":{"line":62,"column":38}},"23":{"start":{"line":63,"column":11},"end":{"line":65,"column":5}},"24":{"start":{"line":64,"column":8},"end":{"line":64,"column":38}},"25":{"start":{"line":67,"column":4},"end":{"line":67,"column":16}},"26":{"start":{"line":70,"column":24},"end":{"line":77,"column":1}},"27":{"start":{"line":72,"column":4},"end":{"line":76,"column":5}},"28":{"start":{"line":73,"column":8},"end":{"line":73,"column":37}},"29":{"start":{"line":75,"column":8},"end":{"line":75,"column":33}},"30":{"start":{"line":79,"column":19},"end":{"line":82,"column":1}},"31":{"start":{"line":80,"column":4},"end":{"line":80,"column":48}},"32":{"start":{"line":81,"column":4},"end":{"line":81,"column":48}},"33":{"start":{"line":84,"column":17},"end":{"line":86,"column":1}},"34":{"start":{"line":85,"column":4},"end":{"line":85,"column":19}},"35":{"start":{"line":88,"column":24},"end":{"line":96,"column":1}},"36":{"start":{"line":90,"column":20},"end":{"line":90,"column":43}},"37":{"start":{"line":93,"column":16},"end":{"line":93,"column":58}},"38":{"start":{"line":95,"column":4},"end":{"line":95,"column":24}},"39":{"start":{"line":98,"column":18},"end":{"line":110,"column":1}},"40":{"start":{"line":99,"column":18},"end":{"line":99,"column":28}},"41":{"start":{"line":100,"column":4},"end":{"line":109,"column":5}},"42":{"start":{"line":102,"column":8},"end":{"line":102,"column":21}},"43":{"start":{"line":103,"column":11},"end":{"line":109,"column":5}},"44":{"start":{"line":105,"column":8},"end":{"line":105,"column":22}},"45":{"start":{"line":108,"column":8},"end":{"line":108,"column":22}},"46":{"start":{"line":112,"column":19},"end":{"line":114,"column":1}},"47":{"start":{"line":113,"column":4},"end":{"line":113,"column":56}},"48":{"start":{"line":116,"column":25},"end":{"line":136,"column":1}},"49":{"start":{"line":117,"column":4},"end":{"line":135,"column":5}},"50":{"start":{"line":118,"column":8},"end":{"line":134,"column":9}},"51":{"start":{"line":120,"column":12},"end":{"line":120,"column":76}},"52":{"start":{"line":121,"column":12},"end":{"line":121,"column":74}},"53":{"start":{"line":123,"column":37},"end":{"line":123,"column":87}},"54":{"start":{"line":126,"column":12},"end":{"line":129,"column":15}},"55":{"start":{"line":127,"column":39},"end":{"line":127,"column":91}},"56":{"start":{"line":128,"column":16},"end":{"line":128,"column":54}},"57":{"start":{"line":132,"column":12},"end":{"line":132,"column":75}},"58":{"start":{"line":133,"column":12},"end":{"line":133,"column":75}},"59":{"start":{"line":138,"column":18},"end":{"line":146,"column":1}},"60":{"start":{"line":139,"column":4},"end":{"line":145,"column":5}},"61":{"start":{"line":140,"column":8},"end":{"line":144,"column":11}},"62":{"start":{"line":141,"column":24},"end":{"line":141,"column":29}},"63":{"start":{"line":142,"column":12},"end":{"line":142,"column":54}},"64":{"start":{"line":143,"column":12},"end":{"line":143,"column":52}}},"fnMap":{"0":{"name":"(anonymous_0)","decl":{"start":{"line":29,"column":20},"end":{"line":29,"column":21}},"loc":{"start":{"line":29,"column":26},"end":{"line":39,"column":1}},"line":29},"1":{"name":"(anonymous_1)","decl":{"start":{"line":41,"column":20},"end":{"line":41,"column":21}},"loc":{"start":{"line":41,"column":31},"end":{"line":44,"column":1}},"line":41},"2":{"name":"(anonymous_2)","decl":{"start":{"line":46,"column":20},"end":{"line":46,"column":21}},"loc":{"start":{"line":46,"column":31},"end":{"line":49,"column":1}},"line":46},"3":{"name":"(anonymous_3)","decl":{"start":{"line":50,"column":17},"end":{"line":50,"column":18}},"loc":{"start":{"line":50,"column":23},"end":{"line":52,"column":1}},"line":50},"4":{"name":"(anonymous_4)","decl":{"start":{"line":53,"column":18},"end":{"line":53,"column":19}},"loc":{"start":{"line":53,"column":29},"end":{"line":68,"column":1}},"line":53},"5":{"name":"(anonymous_5)","decl":{"start":{"line":70,"column":24},"end":{"line":70,"column":25}},"loc":{"start":{"line":70,"column":35},"end":{"line":77,"column":1}},"line":70},"6":{"name":"(anonymous_6)","decl":{"start":{"line":79,"column":19},"end":{"line":79,"column":20}},"loc":{"start":{"line":79,"column":55},"end":{"line":82,"column":1}},"line":79},"7":{"name":"(anonymous_7)","decl":{"start":{"line":84,"column":17},"end":{"line":84,"column":18}},"loc":{"start":{"line":84,"column":29},"end":{"line":86,"column":1}},"line":84},"8":{"name":"(anonymous_8)","decl":{"start":{"line":88,"column":24},"end":{"line":88,"column":25}},"loc":{"start":{"line":88,"column":30},"end":{"line":96,"column":1}},"line":88},"9":{"name":"(anonymous_9)","decl":{"start":{"line":98,"column":18},"end":{"line":98,"column":19}},"loc":{"start":{"line":98,"column":54},"end":{"line":110,"column":1}},"line":98},"10":{"name":"(anonymous_10)","decl":{"start":{"line":112,"column":19},"end":{"line":112,"column":20}},"loc":{"start":{"line":112,"column":32},"end":{"line":114,"column":1}},"line":112},"11":{"name":"(anonymous_11)","decl":{"start":{"line":116,"column":25},"end":{"line":116,"column":26}},"loc":{"start":{"line":116,"column":31},"end":{"line":136,"column":1}},"line":116},"12":{"name":"(anonymous_12)","decl":{"start":{"line":126,"column":59},"end":{"line":126,"column":60}},"loc":{"start":{"line":126,"column":77},"end":{"line":129,"column":13}},"line":126},"13":{"name":"(anonymous_13)","decl":{"start":{"line":138,"column":18},"end":{"line":138,"column":19}},"loc":{"start":{"line":138,"column":24},"end":{"line":146,"column":1}},"line":138},"14":{"name":"(anonymous_14)","decl":{"start":{"line":140,"column":33},"end":{"line":140,"column":34}},"loc":{"start":{"line":140,"column":48},"end":{"line":144,"column":9}},"line":140}},"branchMap":{"0":{"loc":{"start":{"line":61,"column":4},"end":{"line":65,"column":5}},"type":"if","locations":[{"start":{"line":61,"column":4},"end":{"line":65,"column":5}},{"start":{"line":61,"column":4},"end":{"line":65,"column":5}}],"line":61},"1":{"loc":{"start":{"line":63,"column":11},"end":{"line":65,"column":5}},"type":"if","locations":[{"start":{"line":63,"column":11},"end":{"line":65,"column":5}},{"start":{"line":63,"column":11},"end":{"line":65,"column":5}}],"line":63},"2":{"loc":{"start":{"line":72,"column":4},"end":{"line":76,"column":5}},"type":"if","locations":[{"start":{"line":72,"column":4},"end":{"line":76,"column":5}},{"start":{"line":72,"column":4},"end":{"line":76,"column":5}}],"line":72},"3":{"loc":{"start":{"line":72,"column":8},"end":{"line":72,"column":48}},"type":"binary-expr","locations":[{"start":{"line":72,"column":8},"end":{"line":72,"column":13}},{"start":{"line":72,"column":17},"end":{"line":72,"column":48}}],"line":72},"4":{"loc":{"start":{"line":100,"column":4},"end":{"line":109,"column":5}},"type":"if","locations":[{"start":{"line":100,"column":4},"end":{"line":109,"column":5}},{"start":{"line":100,"column":4},"end":{"line":109,"column":5}}],"line":100},"5":{"loc":{"start":{"line":103,"column":11},"end":{"line":109,"column":5}},"type":"if","locations":[{"start":{"line":103,"column":11},"end":{"line":109,"column":5}},{"start":{"line":103,"column":11},"end":{"line":109,"column":5}}],"line":103},"6":{"loc":{"start":{"line":113,"column":46},"end":{"line":113,"column":55}},"type":"binary-expr","locations":[{"start":{"line":113,"column":46},"end":{"line":113,"column":49}},{"start":{"line":113,"column":53},"end":{"line":113,"column":55}}],"line":113},"7":{"loc":{"start":{"line":117,"column":4},"end":{"line":135,"column":5}},"type":"if","locations":[{"start":{"line":117,"column":4},"end":{"line":135,"column":5}},{"start":{"line":117,"column":4},"end":{"line":135,"column":5}}],"line":117},"8":{"loc":{"start":{"line":118,"column":8},"end":{"line":134,"column":9}},"type":"if","locations":[{"start":{"line":118,"column":8},"end":{"line":134,"column":9}},{"start":{"line":118,"column":8},"end":{"line":134,"column":9}}],"line":118},"9":{"loc":{"start":{"line":127,"column":39},"end":{"line":127,"column":91}},"type":"cond-expr","locations":[{"start":{"line":127,"column":74},"end":{"line":127,"column":80}},{"start":{"line":127,"column":83},"end":{"line":127,"column":91}}],"line":127},"10":{"loc":{"start":{"line":139,"column":4},"end":{"line":145,"column":5}},"type":"if","locations":[{"start":{"line":139,"column":4},"end":{"line":145,"column":5}},{"start":{"line":139,"column":4},"end":{"line":145,"column":5}}],"line":139}},"s":{"0":1,"1":1,"2":10,"3":10,"4":10,"5":10,"6":10,"7":10,"8":1,"9":2,"10":2,"11":1,"12":2,"13":2,"14":1,"15":29,"16":1,"17":0,"18":0,"19":0,"20":0,"21":0,"22":0,"23":0,"24":0,"25":0,"26":1,"27":0,"28":0,"29":0,"30":1,"31":0,"32":0,"33":1,"34":2,"35":1,"36":2,"37":2,"38":2,"39":1,"40":25,"41":25,"42":10,"43":15,"44":10,"45":5,"46":1,"47":0,"48":1,"49":10,"50":0,"51":0,"52":0,"53":0,"54":0,"55":0,"56":0,"57":0,"58":0,"59":1,"60":10,"61":0,"62":0,"63":0,"64":0},"f":{"0":10,"1":2,"2":2,"3":29,"4":0,"5":0,"6":0,"7":2,"8":2,"9":25,"10":0,"11":10,"12":0,"13":10,"14":0},"b":{"0":[0,0],"1":[0,0],"2":[0,0],"3":[0,0],"4":[10,15],"5":[10,5],"6":[0,0],"7":[0,10],"8":[0,0],"9":[0,0],"10":[0,10]},"_coverageSchema":"43e27e138ebf9cfc5966b082cf9a028302ed4184","hash":"71b70e320d801df2410b42e76b098e0e1cbae14f"}
,"C:\\Users\\steve\\Documents\\Apps\\technical-assignment-fe\\src\\js\\logger.js": {"path":"C:\\Users\\steve\\Documents\\Apps\\technical-assignment-fe\\src\\js\\logger.js","statementMap":{"0":{"start":{"line":1,"column":15},"end":{"line":3,"column":1}},"1":{"start":{"line":2,"column":1},"end":{"line":2,"column":17}}},"fnMap":{"0":{"name":"(anonymous_0)","decl":{"start":{"line":1,"column":15},"end":{"line":1,"column":16}},"loc":{"start":{"line":1,"column":23},"end":{"line":3,"column":1}},"line":1}},"branchMap":{},"s":{"0":1,"1":1},"f":{"0":1},"b":{},"_coverageSchema":"43e27e138ebf9cfc5966b082cf9a028302ed4184","hash":"7636a34068e1229ab193efc1fc7e3eff59619d86"}
}
