TN:
SF:C:\Users\steve\Documents\Apps\technical-assignment-fe\src\js\game.js
FN:29,(anonymous_0)
FN:41,(anonymous_1)
FN:46,(anonymous_2)
FN:50,(anonymous_3)
FN:53,(anonymous_4)
FN:70,(anonymous_5)
FN:79,(anonymous_6)
FN:84,(anonymous_7)
FN:88,(anonymous_8)
FN:98,(anonymous_9)
FN:112,(anonymous_10)
FN:116,(anonymous_11)
FN:126,(anonymous_12)
FN:138,(anonymous_13)
FN:140,(anonymous_14)
FNF:15
FNH:9
FNDA:10,(anonymous_0)
FNDA:2,(anonymous_1)
FNDA:2,(anonymous_2)
FNDA:29,(anonymous_3)
FNDA:0,(anonymous_4)
FNDA:0,(anonymous_5)
FNDA:0,(anonymous_6)
FNDA:2,(anonymous_7)
FNDA:2,(anonymous_8)
FNDA:25,(anonymous_9)
FNDA:0,(anonymous_10)
FNDA:10,(anonymous_11)
FNDA:0,(anonymous_12)
FNDA:10,(anonymous_13)
FNDA:0,(anonymous_14)
DA:1,1
DA:29,1
DA:30,10
DA:31,10
DA:33,10
DA:34,10
DA:36,10
DA:37,10
DA:41,1
DA:42,2
DA:43,2
DA:46,1
DA:47,2
DA:48,2
DA:50,1
DA:51,29
DA:53,1
DA:54,0
DA:55,0
DA:57,0
DA:59,0
DA:61,0
DA:62,0
DA:63,0
DA:64,0
DA:67,0
DA:70,1
DA:72,0
DA:73,0
DA:75,0
DA:79,1
DA:80,0
DA:81,0
DA:84,1
DA:85,2
DA:88,1
DA:90,2
DA:93,2
DA:95,2
DA:98,1
DA:99,25
DA:100,25
DA:102,10
DA:103,15
DA:105,10
DA:108,5
DA:112,1
DA:113,0
DA:116,1
DA:117,10
DA:118,0
DA:120,0
DA:121,0
DA:123,0
DA:126,0
DA:127,0
DA:128,0
DA:132,0
DA:133,0
DA:138,1
DA:139,10
DA:140,0
DA:141,0
DA:142,0
DA:143,0
LF:65
LH:37
BRDA:61,0,0,0
BRDA:61,0,1,0
BRDA:63,1,0,0
BRDA:63,1,1,0
BRDA:72,2,0,0
BRDA:72,2,1,0
BRDA:72,3,0,0
BRDA:72,3,1,0
BRDA:100,4,0,10
BRDA:100,4,1,15
BRDA:103,5,0,10
BRDA:103,5,1,5
BRDA:113,6,0,0
BRDA:113,6,1,0
BRDA:117,7,0,0
BRDA:117,7,1,10
BRDA:118,8,0,0
BRDA:118,8,1,0
BRDA:127,9,0,0
BRDA:127,9,1,0
BRDA:139,10,0,0
BRDA:139,10,1,10
BRF:22
BRH:6
end_of_record
TN:
SF:C:\Users\steve\Documents\Apps\technical-assignment-fe\src\js\logger.js
FN:1,(anonymous_0)
FNF:1
FNH:1
FNDA:1,(anonymous_0)
DA:1,1
DA:2,1
LF:2
LH:2
BRF:0
BRH:0
end_of_record
